[24-06-2022 11:21:20] ZIP Reader Version 14.00.0010 Build 1029
[24-06-2022 11:21:21] Loading D:\Swapnil-D drive\Study\PowerBI Course\power-bi-course-resources-main\source-files\04-data-transform-query-editor\source-files.zip
	0 errors/warnings
[24-06-2022 11:21:21] Finished.
[24-06-2022 11:21:21] Extracting D:\Swapnil-D drive\Study\PowerBI Course\power-bi-course-resources-main\source-files\04-data-transform-query-editor\source-files.zip
	Inflating D:\Swapnil-D drive\Study\PowerBI Course\power-bi-course-resources-main\source-files\04-data-transform-query-editor\source-files\__MACOSX\._Calculated-Columns-Revenue.csv
		CRC32 verified
	Inflating D:\Swapnil-D drive\Study\PowerBI Course\power-bi-course-resources-main\source-files\04-data-transform-query-editor\source-files\__MACOSX\._Calculated-Columns-Units.csv
		CRC32 verified
	Inflating D:\Swapnil-D drive\Study\PowerBI Course\power-bi-course-resources-main\source-files\04-data-transform-query-editor\source-files\__MACOSX\._codes.txt
		CRC32 verified
	Inflating D:\Swapnil-D drive\Study\PowerBI Course\power-bi-course-resources-main\source-files\04-data-transform-query-editor\source-files\Calculated-Columns-Revenue.csv
		CRC32 verified
	Inflating D:\Swapnil-D drive\Study\PowerBI Course\power-bi-course-resources-main\source-files\04-data-transform-query-editor\source-files\Calculated-Columns-Units.csv
		CRC32 verified
	Inflating D:\Swapnil-D drive\Study\PowerBI Course\power-bi-course-resources-main\source-files\04-data-transform-query-editor\source-files\codes.txt
		CRC32 verified
	Extracted 6 file(s)/folder(s)
	Skipped 0 file(s)/folder(s)
	0 errors/warnings
[24-06-2022 11:21:21] Finished.
