[24-06-2022 11:21:53] ZIP Reader Version 14.00.0010 Build 1029
[24-06-2022 11:21:53] Loading D:\Swapnil-D drive\Study\PowerBI Course\power-bi-course-resources-main\source-files\03-data-prep-query-editor\source-files.zip
	0 errors/warnings
[24-06-2022 11:21:53] Finished.
[24-06-2022 11:21:53] Extracting D:\Swapnil-D drive\Study\PowerBI Course\power-bi-course-resources-main\source-files\03-data-prep-query-editor\source-files.zip
	Inflating D:\Swapnil-D drive\Study\PowerBI Course\power-bi-course-resources-main\source-files\03-data-prep-query-editor\source-files\__MACOSX\._dates.csv
		CRC32 verified
	Inflating D:\Swapnil-D drive\Study\PowerBI Course\power-bi-course-resources-main\source-files\03-data-prep-query-editor\source-files\__MACOSX\._population-2010-2019.csv
		CRC32 verified
	Inflating D:\Swapnil-D drive\Study\PowerBI Course\power-bi-course-resources-main\source-files\03-data-prep-query-editor\source-files\__MACOSX\._population-2020-2029.csv
		CRC32 verified
	Inflating D:\Swapnil-D drive\Study\PowerBI Course\power-bi-course-resources-main\source-files\03-data-prep-query-editor\source-files\__MACOSX\._population-2030-2040.xlsx
		CRC32 verified
	Inflating D:\Swapnil-D drive\Study\PowerBI Course\power-bi-course-resources-main\source-files\03-data-prep-query-editor\source-files\dates.csv
		CRC32 verified
	Inflating D:\Swapnil-D drive\Study\PowerBI Course\power-bi-course-resources-main\source-files\03-data-prep-query-editor\source-files\population-2010-2019.csv
		CRC32 verified
	Inflating D:\Swapnil-D drive\Study\PowerBI Course\power-bi-course-resources-main\source-files\03-data-prep-query-editor\source-files\population-2020-2029.csv
		CRC32 verified
	Inflating D:\Swapnil-D drive\Study\PowerBI Course\power-bi-course-resources-main\source-files\03-data-prep-query-editor\source-files\population-2030-2040.xlsx
		CRC32 verified
	Extracted 8 file(s)/folder(s)
	Skipped 0 file(s)/folder(s)
	0 errors/warnings
[24-06-2022 11:21:53] Finished.
